2025-11-01 18:18:00 | INFO | repo=2017-course-sys-int-activemq-seminar | action=commit
2025-09-06 17:32:00 | WARN | repo=2017-course-sys-int-activemq-seminar | action=test | passed=true
2025-08-20 08:56:00 | WARN | repo=2017-course-sys-int-activemq-seminar | action=commit
2025-12-18 14:25:00 | DEBUG | repo=2017-course-sys-int-activemq-seminar | action=commit
2025-02-05 19:20:00 | DEBUG | repo=2017-course-sys-int-activemq-seminar | action=commit
2025-02-14 09:02:00 | INFO | repo=2017-course-sys-int-activemq-seminar | action=pull
2025-10-07 20:13:00 | DEBUG | repo=2017-course-sys-int-activemq-seminar | action=commit
2025-12-08 21:48:00 | DEBUG | repo=2017-course-sys-int-activemq-seminar | action=commit
2025-01-16 17:36:00 | WARN | repo=2017-course-sys-int-activemq-seminar | action=commit
2025-11-22 20:52:00 | INFO | repo=2017-course-sys-int-activemq-seminar | action=commit
2025-11-20 07:55:00 | DEBUG | repo=2017-course-sys-int-activemq-seminar | action=commit
2025-05-03 08:11:00 | WARN | repo=2017-course-sys-int-activemq-seminar | action=commit
2025-09-23 21:34:00 | INFO | repo=2017-course-sys-int-activemq-seminar | action=commit
2025-11-12 07:30:00 | WARN | repo=2017-course-sys-int-activemq-seminar | action=commit
2025-03-04 08:58:00 | WARN | repo=2017-course-sys-int-activemq-seminar | action=edit | files=4
2025-10-17 10:16:00 | WARN | repo=2017-course-sys-int-activemq-seminar | action=commit
2025-08-07 10:36:00 | WARN | repo=2017-course-sys-int-activemq-seminar | action=commit
2025-06-01 21:29:00 | DEBUG | repo=2017-course-sys-int-activemq-seminar | action=commit
2025-07-26 18:41:00 | INFO | repo=2017-course-sys-int-activemq-seminar | action=commit
2025-01-26 19:55:00 | DEBUG | repo=2017-course-sys-int-activemq-seminar | action=commit
2025-05-13 18:33:00 | DEBUG | repo=2017-course-sys-int-activemq-seminar | action=commit
2025-07-19 18:59:00 | WARN | repo=2017-course-sys-int-activemq-seminar | action=commit
2025-04-08 21:51:00 | INFO | repo=2017-course-sys-int-activemq-seminar | action=edit | files=4
2025-07-16 08:10:00 | DEBUG | repo=2017-course-sys-int-activemq-seminar | action=test | passed=true
2025-11-19 10:37:00 | INFO | repo=2017-course-sys-int-activemq-seminar | action=commit
2025-07-07 14:37:00 | WARN | repo=2017-course-sys-int-activemq-seminar | action=commit
2025-08-26 08:38:00 | WARN | repo=2017-course-sys-int-activemq-seminar | action=commit
2025-11-18 15:05:00 | WARN | repo=2017-course-sys-int-activemq-seminar | action=commit
